2025-02-01T16:13:23.447+08:00  INFO 14440 --- [JavaSpringBootdemo] [restartedMain] c.e.j.JavaSpringBootdemoApplication      : Starting JavaSpringBootdemoApplication using Java 17.0.6 with PID 14440 (D:\Document\JavaSpringBootdemo\target\classes started by Administrator in D:\Document\JavaSpringBootdemo)
2025-02-01T16:13:23.449+08:00  INFO 14440 --- [JavaSpringBootdemo] [restartedMain] c.e.j.JavaSpringBootdemoApplication      : No active profile set, falling back to 1 default profile: "default"
2025-02-01T16:13:23.479+08:00  INFO 14440 --- [JavaSpringBootdemo] [restartedMain] .e.DevToolsPropertyDefaultsPostProcessor : Devtools property defaults active! Set 'spring.devtools.add-properties' to 'false' to disable
2025-02-01T16:13:23.480+08:00  INFO 14440 --- [JavaSpringBootdemo] [restartedMain] .e.DevToolsPropertyDefaultsPostProcessor : For additional web related logging consider setting the 'logging.level.web' property to 'DEBUG'
2025-02-01T16:13:23.911+08:00  INFO 14440 --- [JavaSpringBootdemo] [restartedMain] .s.d.r.c.RepositoryConfigurationDelegate : Multiple Spring Data modules found, entering strict repository configuration mode
2025-02-01T16:13:23.913+08:00  INFO 14440 --- [JavaSpringBootdemo] [restartedMain] .s.d.r.c.RepositoryConfigurationDelegate : Bootstrapping Spring Data Redis repositories in DEFAULT mode.
2025-02-01T16:13:23.936+08:00  INFO 14440 --- [JavaSpringBootdemo] [restartedMain] .s.d.r.c.RepositoryConfigurationDelegate : Finished Spring Data repository scanning in 9 ms. Found 0 Redis repository interfaces.
2025-02-01T16:13:24.334+08:00  INFO 14440 --- [JavaSpringBootdemo] [restartedMain] o.s.b.w.embedded.tomcat.TomcatWebServer  : Tomcat initialized with port 8080 (http)
2025-02-01T16:13:24.343+08:00  INFO 14440 --- [JavaSpringBootdemo] [restartedMain] o.apache.catalina.core.StandardService   : Starting service [Tomcat]
2025-02-01T16:13:24.343+08:00  INFO 14440 --- [JavaSpringBootdemo] [restartedMain] o.apache.catalina.core.StandardEngine    : Starting Servlet engine: [Apache Tomcat/10.1.34]
2025-02-01T16:13:24.383+08:00  INFO 14440 --- [JavaSpringBootdemo] [restartedMain] o.a.c.c.C.[Tomcat].[localhost].[/]       : Initializing Spring embedded WebApplicationContext
2025-02-01T16:13:24.383+08:00  INFO 14440 --- [JavaSpringBootdemo] [restartedMain] w.s.c.ServletWebServerApplicationContext : Root WebApplicationContext: initialization completed in 903 ms
2025-02-01T16:13:24.550+08:00  INFO 14440 --- [JavaSpringBootdemo] [restartedMain] r$InitializeUserDetailsManagerConfigurer : Global AuthenticationManager configured with UserDetailsService bean with name inMemoryUserDetailsManager
2025-02-01T16:13:24.605+08:00  INFO 14440 --- [JavaSpringBootdemo] [restartedMain] o.s.b.a.w.s.WelcomePageHandlerMapping    : Adding welcome page template: index
2025-02-01T16:13:25.050+08:00  INFO 14440 --- [JavaSpringBootdemo] [restartedMain] o.s.b.d.a.OptionalLiveReloadServer       : LiveReload server is running on port 35729
2025-02-01T16:13:25.077+08:00  INFO 14440 --- [JavaSpringBootdemo] [restartedMain] o.s.b.w.embedded.tomcat.TomcatWebServer  : Tomcat started on port 8080 (http) with context path '/'
2025-02-01T16:13:25.083+08:00  INFO 14440 --- [JavaSpringBootdemo] [restartedMain] c.e.j.JavaSpringBootdemoApplication      : Started JavaSpringBootdemoApplication in 1.961 seconds (process running for 2.427)
2025-02-01T16:16:16.437+08:00  INFO 33600 --- [JavaSpringBootdemo] [restartedMain] c.e.j.JavaSpringBootdemoApplication      : Starting JavaSpringBootdemoApplication using Java 17.0.6 with PID 33600 (D:\Document\JavaSpringBootdemo\target\classes started by Administrator in D:\Document\JavaSpringBootdemo)
2025-02-01T16:16:16.438+08:00  INFO 33600 --- [JavaSpringBootdemo] [restartedMain] c.e.j.JavaSpringBootdemoApplication      : No active profile set, falling back to 1 default profile: "default"
2025-02-01T16:16:16.468+08:00  INFO 33600 --- [JavaSpringBootdemo] [restartedMain] .e.DevToolsPropertyDefaultsPostProcessor : Devtools property defaults active! Set 'spring.devtools.add-properties' to 'false' to disable
2025-02-01T16:16:16.468+08:00  INFO 33600 --- [JavaSpringBootdemo] [restartedMain] .e.DevToolsPropertyDefaultsPostProcessor : For additional web related logging consider setting the 'logging.level.web' property to 'DEBUG'
2025-02-01T16:16:16.895+08:00  INFO 33600 --- [JavaSpringBootdemo] [restartedMain] .s.d.r.c.RepositoryConfigurationDelegate : Multiple Spring Data modules found, entering strict repository configuration mode
2025-02-01T16:16:16.897+08:00  INFO 33600 --- [JavaSpringBootdemo] [restartedMain] .s.d.r.c.RepositoryConfigurationDelegate : Bootstrapping Spring Data Redis repositories in DEFAULT mode.
2025-02-01T16:16:16.918+08:00  INFO 33600 --- [JavaSpringBootdemo] [restartedMain] .s.d.r.c.RepositoryConfigurationDelegate : Finished Spring Data repository scanning in 10 ms. Found 0 Redis repository interfaces.
2025-02-01T16:16:17.311+08:00  INFO 33600 --- [JavaSpringBootdemo] [restartedMain] o.s.b.w.embedded.tomcat.TomcatWebServer  : Tomcat initialized with port 8080 (http)
2025-02-01T16:16:17.320+08:00  INFO 33600 --- [JavaSpringBootdemo] [restartedMain] o.apache.catalina.core.StandardService   : Starting service [Tomcat]
2025-02-01T16:16:17.321+08:00  INFO 33600 --- [JavaSpringBootdemo] [restartedMain] o.apache.catalina.core.StandardEngine    : Starting Servlet engine: [Apache Tomcat/10.1.34]
2025-02-01T16:16:17.357+08:00  INFO 33600 --- [JavaSpringBootdemo] [restartedMain] o.a.c.c.C.[Tomcat].[localhost].[/]       : Initializing Spring embedded WebApplicationContext
2025-02-01T16:16:17.357+08:00  INFO 33600 --- [JavaSpringBootdemo] [restartedMain] w.s.c.ServletWebServerApplicationContext : Root WebApplicationContext: initialization completed in 889 ms
2025-02-01T16:16:17.513+08:00  INFO 33600 --- [JavaSpringBootdemo] [restartedMain] r$InitializeUserDetailsManagerConfigurer : Global AuthenticationManager configured with UserDetailsService bean with name inMemoryUserDetailsManager
2025-02-01T16:16:17.570+08:00  INFO 33600 --- [JavaSpringBootdemo] [restartedMain] o.s.b.a.w.s.WelcomePageHandlerMapping    : Adding welcome page template: index
2025-02-01T16:16:18.010+08:00  INFO 33600 --- [JavaSpringBootdemo] [restartedMain] o.s.b.d.a.OptionalLiveReloadServer       : LiveReload server is running on port 35729
2025-02-01T16:16:18.037+08:00  INFO 33600 --- [JavaSpringBootdemo] [restartedMain] o.s.b.w.embedded.tomcat.TomcatWebServer  : Tomcat started on port 8080 (http) with context path '/'
2025-02-01T16:16:18.044+08:00  INFO 33600 --- [JavaSpringBootdemo] [restartedMain] c.e.j.JavaSpringBootdemoApplication      : Started JavaSpringBootdemoApplication in 1.931 seconds (process running for 2.389)
2025-02-01T16:16:38.193+08:00  INFO 32124 --- [JavaSpringBootdemo] [restartedMain] c.e.j.JavaSpringBootdemoApplication      : Starting JavaSpringBootdemoApplication using Java 17.0.6 with PID 32124 (D:\Document\JavaSpringBootdemo\target\classes started by Administrator in D:\Document\JavaSpringBootdemo)
2025-02-01T16:16:38.195+08:00  INFO 32124 --- [JavaSpringBootdemo] [restartedMain] c.e.j.JavaSpringBootdemoApplication      : No active profile set, falling back to 1 default profile: "default"
2025-02-01T16:16:38.226+08:00  INFO 32124 --- [JavaSpringBootdemo] [restartedMain] .e.DevToolsPropertyDefaultsPostProcessor : Devtools property defaults active! Set 'spring.devtools.add-properties' to 'false' to disable
2025-02-01T16:16:38.226+08:00  INFO 32124 --- [JavaSpringBootdemo] [restartedMain] .e.DevToolsPropertyDefaultsPostProcessor : For additional web related logging consider setting the 'logging.level.web' property to 'DEBUG'
2025-02-01T16:16:38.676+08:00  INFO 32124 --- [JavaSpringBootdemo] [restartedMain] .s.d.r.c.RepositoryConfigurationDelegate : Multiple Spring Data modules found, entering strict repository configuration mode
2025-02-01T16:16:38.679+08:00  INFO 32124 --- [JavaSpringBootdemo] [restartedMain] .s.d.r.c.RepositoryConfigurationDelegate : Bootstrapping Spring Data Redis repositories in DEFAULT mode.
2025-02-01T16:16:38.703+08:00  INFO 32124 --- [JavaSpringBootdemo] [restartedMain] .s.d.r.c.RepositoryConfigurationDelegate : Finished Spring Data repository scanning in 13 ms. Found 0 Redis repository interfaces.
2025-02-01T16:16:39.093+08:00  INFO 32124 --- [JavaSpringBootdemo] [restartedMain] o.s.b.w.embedded.tomcat.TomcatWebServer  : Tomcat initialized with port 8080 (http)
2025-02-01T16:16:39.102+08:00  INFO 32124 --- [JavaSpringBootdemo] [restartedMain] o.apache.catalina.core.StandardService   : Starting service [Tomcat]
2025-02-01T16:16:39.102+08:00  INFO 32124 --- [JavaSpringBootdemo] [restartedMain] o.apache.catalina.core.StandardEngine    : Starting Servlet engine: [Apache Tomcat/10.1.34]
2025-02-01T16:16:39.140+08:00  INFO 32124 --- [JavaSpringBootdemo] [restartedMain] o.a.c.c.C.[Tomcat].[localhost].[/]       : Initializing Spring embedded WebApplicationContext
2025-02-01T16:16:39.140+08:00  INFO 32124 --- [JavaSpringBootdemo] [restartedMain] w.s.c.ServletWebServerApplicationContext : Root WebApplicationContext: initialization completed in 914 ms
2025-02-01T16:16:39.299+08:00  INFO 32124 --- [JavaSpringBootdemo] [restartedMain] r$InitializeUserDetailsManagerConfigurer : Global AuthenticationManager configured with UserDetailsService bean with name inMemoryUserDetailsManager
2025-02-01T16:16:39.355+08:00  INFO 32124 --- [JavaSpringBootdemo] [restartedMain] o.s.b.a.w.s.WelcomePageHandlerMapping    : Adding welcome page template: index
2025-02-01T16:16:39.791+08:00  INFO 32124 --- [JavaSpringBootdemo] [restartedMain] o.s.b.d.a.OptionalLiveReloadServer       : LiveReload server is running on port 35729
2025-02-01T16:16:39.817+08:00  INFO 32124 --- [JavaSpringBootdemo] [restartedMain] o.s.b.w.embedded.tomcat.TomcatWebServer  : Tomcat started on port 8080 (http) with context path '/'
2025-02-01T16:16:39.823+08:00  INFO 32124 --- [JavaSpringBootdemo] [restartedMain] c.e.j.JavaSpringBootdemoApplication      : Started JavaSpringBootdemoApplication in 1.948 seconds (process running for 2.441)
2025-02-01T16:16:50.279+08:00  INFO 29260 --- [JavaSpringBootdemo] [restartedMain] c.e.j.JavaSpringBootdemoApplication      : Starting JavaSpringBootdemoApplication using Java 17.0.6 with PID 29260 (D:\Document\JavaSpringBootdemo\target\classes started by Administrator in D:\Document\JavaSpringBootdemo)
2025-02-01T16:16:50.281+08:00  INFO 29260 --- [JavaSpringBootdemo] [restartedMain] c.e.j.JavaSpringBootdemoApplication      : No active profile set, falling back to 1 default profile: "default"
2025-02-01T16:16:50.312+08:00  INFO 29260 --- [JavaSpringBootdemo] [restartedMain] .e.DevToolsPropertyDefaultsPostProcessor : Devtools property defaults active! Set 'spring.devtools.add-properties' to 'false' to disable
2025-02-01T16:16:50.312+08:00  INFO 29260 --- [JavaSpringBootdemo] [restartedMain] .e.DevToolsPropertyDefaultsPostProcessor : For additional web related logging consider setting the 'logging.level.web' property to 'DEBUG'
2025-02-01T16:16:50.751+08:00  INFO 29260 --- [JavaSpringBootdemo] [restartedMain] .s.d.r.c.RepositoryConfigurationDelegate : Multiple Spring Data modules found, entering strict repository configuration mode
2025-02-01T16:16:50.754+08:00  INFO 29260 --- [JavaSpringBootdemo] [restartedMain] .s.d.r.c.RepositoryConfigurationDelegate : Bootstrapping Spring Data Redis repositories in DEFAULT mode.
2025-02-01T16:16:50.775+08:00  INFO 29260 --- [JavaSpringBootdemo] [restartedMain] .s.d.r.c.RepositoryConfigurationDelegate : Finished Spring Data repository scanning in 9 ms. Found 0 Redis repository interfaces.
2025-02-01T16:16:51.164+08:00  INFO 29260 --- [JavaSpringBootdemo] [restartedMain] o.s.b.w.embedded.tomcat.TomcatWebServer  : Tomcat initialized with port 8080 (http)
2025-02-01T16:16:51.172+08:00  INFO 29260 --- [JavaSpringBootdemo] [restartedMain] o.apache.catalina.core.StandardService   : Starting service [Tomcat]
2025-02-01T16:16:51.172+08:00  INFO 29260 --- [JavaSpringBootdemo] [restartedMain] o.apache.catalina.core.StandardEngine    : Starting Servlet engine: [Apache Tomcat/10.1.34]
2025-02-01T16:16:51.208+08:00  INFO 29260 --- [JavaSpringBootdemo] [restartedMain] o.a.c.c.C.[Tomcat].[localhost].[/]       : Initializing Spring embedded WebApplicationContext
2025-02-01T16:16:51.209+08:00  INFO 29260 --- [JavaSpringBootdemo] [restartedMain] w.s.c.ServletWebServerApplicationContext : Root WebApplicationContext: initialization completed in 896 ms
2025-02-01T16:16:51.362+08:00  INFO 29260 --- [JavaSpringBootdemo] [restartedMain] r$InitializeUserDetailsManagerConfigurer : Global AuthenticationManager configured with UserDetailsService bean with name inMemoryUserDetailsManager
2025-02-01T16:16:51.421+08:00  INFO 29260 --- [JavaSpringBootdemo] [restartedMain] o.s.b.a.w.s.WelcomePageHandlerMapping    : Adding welcome page template: index
2025-02-01T16:16:51.844+08:00  INFO 29260 --- [JavaSpringBootdemo] [restartedMain] o.s.b.d.a.OptionalLiveReloadServer       : LiveReload server is running on port 35729
2025-02-01T16:16:51.871+08:00  INFO 29260 --- [JavaSpringBootdemo] [restartedMain] o.s.b.w.embedded.tomcat.TomcatWebServer  : Tomcat started on port 8080 (http) with context path '/'
2025-02-01T16:16:51.878+08:00  INFO 29260 --- [JavaSpringBootdemo] [restartedMain] c.e.j.JavaSpringBootdemoApplication      : Started JavaSpringBootdemoApplication in 1.919 seconds (process running for 2.429)
2025-02-01T16:17:01.345+08:00  INFO 45856 --- [JavaSpringBootdemo] [restartedMain] c.e.j.JavaSpringBootdemoApplication      : Starting JavaSpringBootdemoApplication using Java 17.0.6 with PID 45856 (D:\Document\JavaSpringBootdemo\target\classes started by Administrator in D:\Document\JavaSpringBootdemo)
2025-02-01T16:17:01.347+08:00  INFO 45856 --- [JavaSpringBootdemo] [restartedMain] c.e.j.JavaSpringBootdemoApplication      : No active profile set, falling back to 1 default profile: "default"
2025-02-01T16:17:01.379+08:00  INFO 45856 --- [JavaSpringBootdemo] [restartedMain] .e.DevToolsPropertyDefaultsPostProcessor : Devtools property defaults active! Set 'spring.devtools.add-properties' to 'false' to disable
2025-02-01T16:17:01.380+08:00  INFO 45856 --- [JavaSpringBootdemo] [restartedMain] .e.DevToolsPropertyDefaultsPostProcessor : For additional web related logging consider setting the 'logging.level.web' property to 'DEBUG'
2025-02-01T16:17:01.825+08:00  INFO 45856 --- [JavaSpringBootdemo] [restartedMain] .s.d.r.c.RepositoryConfigurationDelegate : Multiple Spring Data modules found, entering strict repository configuration mode
2025-02-01T16:17:01.826+08:00  INFO 45856 --- [JavaSpringBootdemo] [restartedMain] .s.d.r.c.RepositoryConfigurationDelegate : Bootstrapping Spring Data Redis repositories in DEFAULT mode.
2025-02-01T16:17:01.851+08:00  INFO 45856 --- [JavaSpringBootdemo] [restartedMain] .s.d.r.c.RepositoryConfigurationDelegate : Finished Spring Data repository scanning in 13 ms. Found 0 Redis repository interfaces.
2025-02-01T16:17:02.239+08:00  INFO 45856 --- [JavaSpringBootdemo] [restartedMain] o.s.b.w.embedded.tomcat.TomcatWebServer  : Tomcat initialized with port 8080 (http)
2025-02-01T16:17:02.247+08:00  INFO 45856 --- [JavaSpringBootdemo] [restartedMain] o.apache.catalina.core.StandardService   : Starting service [Tomcat]
2025-02-01T16:17:02.248+08:00  INFO 45856 --- [JavaSpringBootdemo] [restartedMain] o.apache.catalina.core.StandardEngine    : Starting Servlet engine: [Apache Tomcat/10.1.34]
2025-02-01T16:17:02.288+08:00  INFO 45856 --- [JavaSpringBootdemo] [restartedMain] o.a.c.c.C.[Tomcat].[localhost].[/]       : Initializing Spring embedded WebApplicationContext
2025-02-01T16:17:02.288+08:00  INFO 45856 --- [JavaSpringBootdemo] [restartedMain] w.s.c.ServletWebServerApplicationContext : Root WebApplicationContext: initialization completed in 908 ms
2025-02-01T16:17:02.452+08:00  INFO 45856 --- [JavaSpringBootdemo] [restartedMain] r$InitializeUserDetailsManagerConfigurer : Global AuthenticationManager configured with UserDetailsService bean with name inMemoryUserDetailsManager
2025-02-01T16:17:02.508+08:00  INFO 45856 --- [JavaSpringBootdemo] [restartedMain] o.s.b.a.w.s.WelcomePageHandlerMapping    : Adding welcome page template: index
2025-02-01T16:17:02.996+08:00  INFO 45856 --- [JavaSpringBootdemo] [restartedMain] o.s.b.d.a.OptionalLiveReloadServer       : LiveReload server is running on port 35729
2025-02-01T16:17:03.025+08:00  INFO 45856 --- [JavaSpringBootdemo] [restartedMain] o.s.b.w.embedded.tomcat.TomcatWebServer  : Tomcat started on port 8080 (http) with context path '/'
2025-02-01T16:17:03.031+08:00  INFO 45856 --- [JavaSpringBootdemo] [restartedMain] c.e.j.JavaSpringBootdemoApplication      : Started JavaSpringBootdemoApplication in 2.006 seconds (process running for 2.476)
2025-02-01T16:17:22.869+08:00  INFO 20180 --- [JavaSpringBootdemo] [restartedMain] c.e.j.JavaSpringBootdemoApplication      : Starting JavaSpringBootdemoApplication using Java 17.0.6 with PID 20180 (D:\Document\JavaSpringBootdemo\target\classes started by Administrator in D:\Document\JavaSpringBootdemo)
2025-02-01T16:17:22.870+08:00  INFO 20180 --- [JavaSpringBootdemo] [restartedMain] c.e.j.JavaSpringBootdemoApplication      : No active profile set, falling back to 1 default profile: "default"
2025-02-01T16:17:22.902+08:00  INFO 20180 --- [JavaSpringBootdemo] [restartedMain] .e.DevToolsPropertyDefaultsPostProcessor : Devtools property defaults active! Set 'spring.devtools.add-properties' to 'false' to disable
2025-02-01T16:17:22.902+08:00  INFO 20180 --- [JavaSpringBootdemo] [restartedMain] .e.DevToolsPropertyDefaultsPostProcessor : For additional web related logging consider setting the 'logging.level.web' property to 'DEBUG'
2025-02-01T16:17:23.352+08:00  INFO 20180 --- [JavaSpringBootdemo] [restartedMain] .s.d.r.c.RepositoryConfigurationDelegate : Multiple Spring Data modules found, entering strict repository configuration mode
2025-02-01T16:17:23.354+08:00  INFO 20180 --- [JavaSpringBootdemo] [restartedMain] .s.d.r.c.RepositoryConfigurationDelegate : Bootstrapping Spring Data Redis repositories in DEFAULT mode.
2025-02-01T16:17:23.376+08:00  INFO 20180 --- [JavaSpringBootdemo] [restartedMain] .s.d.r.c.RepositoryConfigurationDelegate : Finished Spring Data repository scanning in 10 ms. Found 0 Redis repository interfaces.
2025-02-01T16:17:23.776+08:00  INFO 20180 --- [JavaSpringBootdemo] [restartedMain] o.s.b.w.embedded.tomcat.TomcatWebServer  : Tomcat initialized with port 8080 (http)
2025-02-01T16:17:23.783+08:00  INFO 20180 --- [JavaSpringBootdemo] [restartedMain] o.apache.catalina.core.StandardService   : Starting service [Tomcat]
2025-02-01T16:17:23.784+08:00  INFO 20180 --- [JavaSpringBootdemo] [restartedMain] o.apache.catalina.core.StandardEngine    : Starting Servlet engine: [Apache Tomcat/10.1.34]
2025-02-01T16:17:23.820+08:00  INFO 20180 --- [JavaSpringBootdemo] [restartedMain] o.a.c.c.C.[Tomcat].[localhost].[/]       : Initializing Spring embedded WebApplicationContext
2025-02-01T16:17:23.821+08:00  INFO 20180 --- [JavaSpringBootdemo] [restartedMain] w.s.c.ServletWebServerApplicationContext : Root WebApplicationContext: initialization completed in 918 ms
2025-02-01T16:17:23.974+08:00  INFO 20180 --- [JavaSpringBootdemo] [restartedMain] r$InitializeUserDetailsManagerConfigurer : Global AuthenticationManager configured with UserDetailsService bean with name inMemoryUserDetailsManager
2025-02-01T16:17:24.027+08:00  INFO 20180 --- [JavaSpringBootdemo] [restartedMain] o.s.b.a.w.s.WelcomePageHandlerMapping    : Adding welcome page template: index
2025-02-01T16:17:24.469+08:00  INFO 20180 --- [JavaSpringBootdemo] [restartedMain] o.s.b.d.a.OptionalLiveReloadServer       : LiveReload server is running on port 35729
2025-02-01T16:17:24.495+08:00  INFO 20180 --- [JavaSpringBootdemo] [restartedMain] o.s.b.w.embedded.tomcat.TomcatWebServer  : Tomcat started on port 8080 (http) with context path '/'
2025-02-01T16:17:24.502+08:00  INFO 20180 --- [JavaSpringBootdemo] [restartedMain] c.e.j.JavaSpringBootdemoApplication      : Started JavaSpringBootdemoApplication in 1.962 seconds (process running for 2.463)
2025-02-01T16:17:38.724+08:00  INFO 20180 --- [JavaSpringBootdemo] [http-nio-8080-exec-1] o.a.c.c.C.[Tomcat].[localhost].[/]       : Initializing Spring DispatcherServlet 'dispatcherServlet'
2025-02-01T16:17:38.724+08:00  INFO 20180 --- [JavaSpringBootdemo] [http-nio-8080-exec-1] o.s.web.servlet.DispatcherServlet        : Initializing Servlet 'dispatcherServlet'
2025-02-01T16:17:38.725+08:00  INFO 20180 --- [JavaSpringBootdemo] [http-nio-8080-exec-1] o.s.web.servlet.DispatcherServlet        : Completed initialization in 1 ms
2025-02-01T16:17:48.041+08:00  INFO 20180 --- [JavaSpringBootdemo] [http-nio-8080-exec-7] c.e.j.controller.TestController          : 用户访问了一次测试数据
2025-02-01T16:17:48.055+08:00  INFO 20180 --- [JavaSpringBootdemo] [http-nio-8080-exec-7] com.zaxxer.hikari.HikariDataSource       : HikariPool-1 - Starting...
2025-02-01T16:17:48.333+08:00  INFO 20180 --- [JavaSpringBootdemo] [http-nio-8080-exec-7] com.zaxxer.hikari.pool.HikariPool        : HikariPool-1 - Added connection com.mysql.cj.jdbc.ConnectionImpl@56e914cb
2025-02-01T16:17:48.334+08:00  INFO 20180 --- [JavaSpringBootdemo] [http-nio-8080-exec-7] com.zaxxer.hikari.HikariDataSource       : HikariPool-1 - Start completed.
2025-02-01T16:18:34.560+08:00  INFO 20180 --- [JavaSpringBootdemo] [SpringApplicationShutdownHook] com.zaxxer.hikari.HikariDataSource       : HikariPool-1 - Shutdown initiated...
2025-02-01T16:18:34.566+08:00  INFO 20180 --- [JavaSpringBootdemo] [SpringApplicationShutdownHook] com.zaxxer.hikari.HikariDataSource       : HikariPool-1 - Shutdown completed.
2025-02-01T16:18:36.502+08:00  INFO 45192 --- [JavaSpringBootdemo] [restartedMain] c.e.j.JavaSpringBootdemoApplication      : Starting JavaSpringBootdemoApplication using Java 17.0.6 with PID 45192 (D:\Document\JavaSpringBootdemo\target\classes started by Administrator in D:\Document\JavaSpringBootdemo)
2025-02-01T16:18:36.504+08:00  INFO 45192 --- [JavaSpringBootdemo] [restartedMain] c.e.j.JavaSpringBootdemoApplication      : No active profile set, falling back to 1 default profile: "default"
2025-02-01T16:18:36.537+08:00  INFO 45192 --- [JavaSpringBootdemo] [restartedMain] .e.DevToolsPropertyDefaultsPostProcessor : Devtools property defaults active! Set 'spring.devtools.add-properties' to 'false' to disable
2025-02-01T16:18:36.538+08:00  INFO 45192 --- [JavaSpringBootdemo] [restartedMain] .e.DevToolsPropertyDefaultsPostProcessor : For additional web related logging consider setting the 'logging.level.web' property to 'DEBUG'
2025-02-01T16:18:36.982+08:00  INFO 45192 --- [JavaSpringBootdemo] [restartedMain] .s.d.r.c.RepositoryConfigurationDelegate : Multiple Spring Data modules found, entering strict repository configuration mode
2025-02-01T16:18:36.984+08:00  INFO 45192 --- [JavaSpringBootdemo] [restartedMain] .s.d.r.c.RepositoryConfigurationDelegate : Bootstrapping Spring Data Redis repositories in DEFAULT mode.
2025-02-01T16:18:37.010+08:00  INFO 45192 --- [JavaSpringBootdemo] [restartedMain] .s.d.r.c.RepositoryConfigurationDelegate : Finished Spring Data repository scanning in 13 ms. Found 0 Redis repository interfaces.
2025-02-01T16:18:37.455+08:00  INFO 45192 --- [JavaSpringBootdemo] [restartedMain] o.s.b.w.embedded.tomcat.TomcatWebServer  : Tomcat initialized with port 8080 (http)
2025-02-01T16:18:37.463+08:00  INFO 45192 --- [JavaSpringBootdemo] [restartedMain] o.apache.catalina.core.StandardService   : Starting service [Tomcat]
2025-02-01T16:18:37.464+08:00  INFO 45192 --- [JavaSpringBootdemo] [restartedMain] o.apache.catalina.core.StandardEngine    : Starting Servlet engine: [Apache Tomcat/10.1.34]
2025-02-01T16:18:37.504+08:00  INFO 45192 --- [JavaSpringBootdemo] [restartedMain] o.a.c.c.C.[Tomcat].[localhost].[/]       : Initializing Spring embedded WebApplicationContext
2025-02-01T16:18:37.504+08:00  INFO 45192 --- [JavaSpringBootdemo] [restartedMain] w.s.c.ServletWebServerApplicationContext : Root WebApplicationContext: initialization completed in 966 ms
2025-02-01T16:18:37.670+08:00  INFO 45192 --- [JavaSpringBootdemo] [restartedMain] r$InitializeUserDetailsManagerConfigurer : Global AuthenticationManager configured with UserDetailsService bean with name inMemoryUserDetailsManager
2025-02-01T16:18:37.728+08:00  INFO 45192 --- [JavaSpringBootdemo] [restartedMain] o.s.b.a.w.s.WelcomePageHandlerMapping    : Adding welcome page template: index
2025-02-01T16:18:38.164+08:00  INFO 45192 --- [JavaSpringBootdemo] [restartedMain] o.s.b.d.a.OptionalLiveReloadServer       : LiveReload server is running on port 35729
2025-02-01T16:18:38.191+08:00  INFO 45192 --- [JavaSpringBootdemo] [restartedMain] o.s.b.w.embedded.tomcat.TomcatWebServer  : Tomcat started on port 8080 (http) with context path '/'
2025-02-01T16:18:38.197+08:00  INFO 45192 --- [JavaSpringBootdemo] [restartedMain] c.e.j.JavaSpringBootdemoApplication      : Started JavaSpringBootdemoApplication in 2.008 seconds (process running for 2.486)
2025-02-01T16:18:40.129+08:00  INFO 45192 --- [JavaSpringBootdemo] [http-nio-8080-exec-1] o.a.c.c.C.[Tomcat].[localhost].[/]       : Initializing Spring DispatcherServlet 'dispatcherServlet'
2025-02-01T16:18:40.129+08:00  INFO 45192 --- [JavaSpringBootdemo] [http-nio-8080-exec-1] o.s.web.servlet.DispatcherServlet        : Initializing Servlet 'dispatcherServlet'
2025-02-01T16:18:40.130+08:00  INFO 45192 --- [JavaSpringBootdemo] [http-nio-8080-exec-1] o.s.web.servlet.DispatcherServlet        : Completed initialization in 1 ms
2025-02-01T16:18:40.159+08:00  INFO 45192 --- [JavaSpringBootdemo] [http-nio-8080-exec-1] c.e.j.controller.TestController          : 用户访问了一次测试数据
2025-02-01T16:18:40.170+08:00  INFO 45192 --- [JavaSpringBootdemo] [http-nio-8080-exec-1] com.zaxxer.hikari.HikariDataSource       : HikariPool-1 - Starting...
2025-02-01T16:18:40.343+08:00  INFO 45192 --- [JavaSpringBootdemo] [http-nio-8080-exec-1] com.zaxxer.hikari.pool.HikariPool        : HikariPool-1 - Added connection com.mysql.cj.jdbc.ConnectionImpl@5cb9090
2025-02-01T16:18:40.344+08:00  INFO 45192 --- [JavaSpringBootdemo] [http-nio-8080-exec-1] com.zaxxer.hikari.HikariDataSource       : HikariPool-1 - Start completed.
2025-02-01T16:19:03.071+08:00  INFO 45192 --- [JavaSpringBootdemo] [SpringApplicationShutdownHook] com.zaxxer.hikari.HikariDataSource       : HikariPool-1 - Shutdown initiated...
2025-02-01T16:19:03.076+08:00  INFO 45192 --- [JavaSpringBootdemo] [SpringApplicationShutdownHook] com.zaxxer.hikari.HikariDataSource       : HikariPool-1 - Shutdown completed.
2025-02-01T16:19:05.044+08:00  INFO 32984 --- [JavaSpringBootdemo] [restartedMain] c.e.j.JavaSpringBootdemoApplication      : Starting JavaSpringBootdemoApplication using Java 17.0.6 with PID 32984 (D:\Document\JavaSpringBootdemo\target\classes started by Administrator in D:\Document\JavaSpringBootdemo)
2025-02-01T16:19:05.046+08:00  INFO 32984 --- [JavaSpringBootdemo] [restartedMain] c.e.j.JavaSpringBootdemoApplication      : No active profile set, falling back to 1 default profile: "default"
2025-02-01T16:19:05.077+08:00  INFO 32984 --- [JavaSpringBootdemo] [restartedMain] .e.DevToolsPropertyDefaultsPostProcessor : Devtools property defaults active! Set 'spring.devtools.add-properties' to 'false' to disable
2025-02-01T16:19:05.077+08:00  INFO 32984 --- [JavaSpringBootdemo] [restartedMain] .e.DevToolsPropertyDefaultsPostProcessor : For additional web related logging consider setting the 'logging.level.web' property to 'DEBUG'
2025-02-01T16:19:05.513+08:00  INFO 32984 --- [JavaSpringBootdemo] [restartedMain] .s.d.r.c.RepositoryConfigurationDelegate : Multiple Spring Data modules found, entering strict repository configuration mode
2025-02-01T16:19:05.515+08:00  INFO 32984 --- [JavaSpringBootdemo] [restartedMain] .s.d.r.c.RepositoryConfigurationDelegate : Bootstrapping Spring Data Redis repositories in DEFAULT mode.
2025-02-01T16:19:05.538+08:00  INFO 32984 --- [JavaSpringBootdemo] [restartedMain] .s.d.r.c.RepositoryConfigurationDelegate : Finished Spring Data repository scanning in 10 ms. Found 0 Redis repository interfaces.
2025-02-01T16:19:05.940+08:00  INFO 32984 --- [JavaSpringBootdemo] [restartedMain] o.s.b.w.embedded.tomcat.TomcatWebServer  : Tomcat initialized with port 8080 (http)
2025-02-01T16:19:05.948+08:00  INFO 32984 --- [JavaSpringBootdemo] [restartedMain] o.apache.catalina.core.StandardService   : Starting service [Tomcat]
2025-02-01T16:19:05.949+08:00  INFO 32984 --- [JavaSpringBootdemo] [restartedMain] o.apache.catalina.core.StandardEngine    : Starting Servlet engine: [Apache Tomcat/10.1.34]
2025-02-01T16:19:05.986+08:00  INFO 32984 --- [JavaSpringBootdemo] [restartedMain] o.a.c.c.C.[Tomcat].[localhost].[/]       : Initializing Spring embedded WebApplicationContext
2025-02-01T16:19:05.987+08:00  INFO 32984 --- [JavaSpringBootdemo] [restartedMain] w.s.c.ServletWebServerApplicationContext : Root WebApplicationContext: initialization completed in 910 ms
2025-02-01T16:19:06.154+08:00  INFO 32984 --- [JavaSpringBootdemo] [restartedMain] r$InitializeUserDetailsManagerConfigurer : Global AuthenticationManager configured with UserDetailsService bean with name inMemoryUserDetailsManager
2025-02-01T16:19:06.205+08:00  INFO 32984 --- [JavaSpringBootdemo] [restartedMain] o.s.b.a.w.s.WelcomePageHandlerMapping    : Adding welcome page template: index
2025-02-01T16:19:06.640+08:00  INFO 32984 --- [JavaSpringBootdemo] [restartedMain] o.s.b.d.a.OptionalLiveReloadServer       : LiveReload server is running on port 35729
2025-02-01T16:19:06.667+08:00  INFO 32984 --- [JavaSpringBootdemo] [restartedMain] o.s.b.w.embedded.tomcat.TomcatWebServer  : Tomcat started on port 8080 (http) with context path '/'
2025-02-01T16:19:06.674+08:00  INFO 32984 --- [JavaSpringBootdemo] [restartedMain] c.e.j.JavaSpringBootdemoApplication      : Started JavaSpringBootdemoApplication in 1.96 seconds (process running for 2.448)
2025-02-01T16:19:24.014+08:00  INFO 32984 --- [JavaSpringBootdemo] [http-nio-8080-exec-1] o.a.c.c.C.[Tomcat].[localhost].[/]       : Initializing Spring DispatcherServlet 'dispatcherServlet'
2025-02-01T16:19:24.014+08:00  INFO 32984 --- [JavaSpringBootdemo] [http-nio-8080-exec-1] o.s.web.servlet.DispatcherServlet        : Initializing Servlet 'dispatcherServlet'
2025-02-01T16:19:24.015+08:00  INFO 32984 --- [JavaSpringBootdemo] [http-nio-8080-exec-1] o.s.web.servlet.DispatcherServlet        : Completed initialization in 0 ms
2025-02-01T16:19:24.044+08:00  INFO 32984 --- [JavaSpringBootdemo] [http-nio-8080-exec-1] c.e.j.controller.TestController          : 用户访问了一次测试数据
2025-02-01T16:19:24.055+08:00  INFO 32984 --- [JavaSpringBootdemo] [http-nio-8080-exec-1] com.zaxxer.hikari.HikariDataSource       : HikariPool-1 - Starting...
2025-02-01T16:19:24.225+08:00  INFO 32984 --- [JavaSpringBootdemo] [http-nio-8080-exec-1] com.zaxxer.hikari.pool.HikariPool        : HikariPool-1 - Added connection com.mysql.cj.jdbc.ConnectionImpl@1da4a22f
2025-02-01T16:19:24.226+08:00  INFO 32984 --- [JavaSpringBootdemo] [http-nio-8080-exec-1] com.zaxxer.hikari.HikariDataSource       : HikariPool-1 - Start completed.
2025-02-01T16:19:29.790+08:00  INFO 32984 --- [JavaSpringBootdemo] [http-nio-8080-exec-2] c.e.j.controller.TestController          : 用户访问了一次测试数据
2025-02-01T16:19:41.561+08:00  INFO 32984 --- [JavaSpringBootdemo] [http-nio-8080-exec-7] c.e.j.controller.TestController          : 用户访问了一次测试数据
2025-02-01T16:19:52.367+08:00  INFO 32984 --- [JavaSpringBootdemo] [SpringApplicationShutdownHook] com.zaxxer.hikari.HikariDataSource       : HikariPool-1 - Shutdown initiated...
2025-02-01T16:19:52.372+08:00  INFO 32984 --- [JavaSpringBootdemo] [SpringApplicationShutdownHook] com.zaxxer.hikari.HikariDataSource       : HikariPool-1 - Shutdown completed.
2025-02-01T16:21:48.978+08:00  INFO 37740 --- [JavaSpringBootdemo] [restartedMain] c.e.j.JavaSpringBootdemoApplication      : Starting JavaSpringBootdemoApplication using Java 17.0.6 with PID 37740 (D:\Document\JavaSpringBootdemo\target\classes started by Administrator in D:\Document\JavaSpringBootdemo)
2025-02-01T16:21:48.979+08:00  INFO 37740 --- [JavaSpringBootdemo] [restartedMain] c.e.j.JavaSpringBootdemoApplication      : No active profile set, falling back to 1 default profile: "default"
2025-02-01T16:21:49.009+08:00  INFO 37740 --- [JavaSpringBootdemo] [restartedMain] .e.DevToolsPropertyDefaultsPostProcessor : Devtools property defaults active! Set 'spring.devtools.add-properties' to 'false' to disable
2025-02-01T16:21:49.010+08:00  INFO 37740 --- [JavaSpringBootdemo] [restartedMain] .e.DevToolsPropertyDefaultsPostProcessor : For additional web related logging consider setting the 'logging.level.web' property to 'DEBUG'
2025-02-01T16:21:49.475+08:00  INFO 37740 --- [JavaSpringBootdemo] [restartedMain] .s.d.r.c.RepositoryConfigurationDelegate : Multiple Spring Data modules found, entering strict repository configuration mode
2025-02-01T16:21:49.476+08:00  INFO 37740 --- [JavaSpringBootdemo] [restartedMain] .s.d.r.c.RepositoryConfigurationDelegate : Bootstrapping Spring Data Redis repositories in DEFAULT mode.
2025-02-01T16:21:49.499+08:00  INFO 37740 --- [JavaSpringBootdemo] [restartedMain] .s.d.r.c.RepositoryConfigurationDelegate : Finished Spring Data repository scanning in 9 ms. Found 0 Redis repository interfaces.
2025-02-01T16:21:49.891+08:00  INFO 37740 --- [JavaSpringBootdemo] [restartedMain] o.s.b.w.embedded.tomcat.TomcatWebServer  : Tomcat initialized with port 8080 (http)
2025-02-01T16:21:49.899+08:00  INFO 37740 --- [JavaSpringBootdemo] [restartedMain] o.apache.catalina.core.StandardService   : Starting service [Tomcat]
2025-02-01T16:21:49.899+08:00  INFO 37740 --- [JavaSpringBootdemo] [restartedMain] o.apache.catalina.core.StandardEngine    : Starting Servlet engine: [Apache Tomcat/10.1.34]
2025-02-01T16:21:49.934+08:00  INFO 37740 --- [JavaSpringBootdemo] [restartedMain] o.a.c.c.C.[Tomcat].[localhost].[/]       : Initializing Spring embedded WebApplicationContext
2025-02-01T16:21:49.935+08:00  INFO 37740 --- [JavaSpringBootdemo] [restartedMain] w.s.c.ServletWebServerApplicationContext : Root WebApplicationContext: initialization completed in 925 ms
2025-02-01T16:21:50.109+08:00  INFO 37740 --- [JavaSpringBootdemo] [restartedMain] r$InitializeUserDetailsManagerConfigurer : Global AuthenticationManager configured with UserDetailsService bean with name inMemoryUserDetailsManager
2025-02-01T16:21:50.163+08:00  INFO 37740 --- [JavaSpringBootdemo] [restartedMain] o.s.b.a.w.s.WelcomePageHandlerMapping    : Adding welcome page template: index
2025-02-01T16:21:50.617+08:00  INFO 37740 --- [JavaSpringBootdemo] [restartedMain] o.s.b.d.a.OptionalLiveReloadServer       : LiveReload server is running on port 35729
2025-02-01T16:21:50.650+08:00  INFO 37740 --- [JavaSpringBootdemo] [restartedMain] o.s.b.w.embedded.tomcat.TomcatWebServer  : Tomcat started on port 8080 (http) with context path '/'
2025-02-01T16:21:50.656+08:00  INFO 37740 --- [JavaSpringBootdemo] [restartedMain] c.e.j.JavaSpringBootdemoApplication      : Started JavaSpringBootdemoApplication in 2.029 seconds (process running for 2.524)
